============================================================
  Generated by:           Genus(TM) Synthesis Solution 20.11-s111_1
  Generated on:           Jun 28 2024  04:37:13 am
  Module:                 top
  Technology library:     typical 
  Operating conditions:   typical (balanced_tree)
  Wireload mode:          enclosed
  Area mode:              timing library
============================================================

   Pin           Type       Fanout Load Slew Delay Arrival   
                                   (fF) (ps)  (ps)   (ps)    
-------------------------------------------------------------
(clock clk)   launch                                     0 R 
D_reg/CK                                   0    +0       0 R 
D_reg/Q       DFFQX1             1  3.7   23  +140     140 F 
g14__2398/B                                     +0     140   
g14__2398/Y   XOR2XL             1  0.0   13   +51     191 R 
t_out         interconnect                13    +0     191 R 
              out port                          +0     191 R 
-------------------------------------------------------------
Timing slack :  UNCONSTRAINED
Start-point  : D_reg/CK
End-point    : t_out

